<?xml version="1.0" encoding="utf-8"?><testsuites name="pytest tests"><testsuite name="pytest" errors="0" failures="0" skipped="0" tests="309" time="241.669" timestamp="2026-09-10T17:24:23.225981+08:00" hostname="DESKTOP-VS4N8AR"><testcase classname="tests.test_agent_recovery_and_fencing" name="test_legacy_unanswered_intent_is_adopted_or_blocked_without_duplicate_effect[completed]" time="1.847" /><testcase classname="tests.test_agent_recovery_and_fencing" name="test_legacy_unanswered_intent_is_adopted_or_blocked_without_duplicate_effect[started]" time="1.041" /><testcase classname="tests.test_agent_recovery_and_fencing" name="test_control_transaction_serializes_takeover_and_rejects_late_old_owner" time="0.449" /><testcase classname="tests.test_agent_recovery_and_fencing" name="test_claim_reserves_shared_worker_before_assignment_exists" time="0.629" /><testcase classname="tests.test_agent_recovery_and_fencing" name="test_leaf_cannot_call_main_planning_even_if_capability_is_injected" time="0.311" /><testcase classname="tests.test_agent_recovery_and_fencing" name="test_additive_session_migration_preserves_legacy_transcript_and_owner_scope" time="1.295" /><testcase classname="tests.test_agent_recovery_and_fencing" name="test_worker_context_window_preserves_explicit_snapshot_and_source_records" time="1.951" /><testcase classname="tests.test_api_web_contract" name="test_web_routes_and_modular_assets_are_served" time="2.222" /><testcase classname="tests.test_api_web_contract" name="test_project_events_recent_snapshot_returns_latest_events_in_stream_order" time="1.679" /><testcase classname="tests.test_api_web_contract" name="test_project_memory_api_uses_project_local_files" time="1.297" /><testcase classname="tests.test_api_web_contract" name="test_global_settings_api_saves_and_requests_managed_restart" time="1.340" /><testcase classname="tests.test_api_web_contract" name="test_loop_api_is_the_only_initial_workflow_creation_path" time="1.482" /><testcase classname="tests.test_api_web_contract" name="test_declarative_api_workflow_reaches_done_without_llm" time="1.835" /><testcase classname="tests.test_api_web_contract" name="test_api_rejects_unknown_declared_capability" time="0.923" /><testcase classname="tests.test_api_web_contract" name="test_conversation_and_agent_audit_endpoints" time="1.441" /><testcase classname="tests.test_architecture_conformance" name="test_readiness_is_a_required_dispatch_fact" time="0.476" /><testcase classname="tests.test_architecture_conformance" name="test_concrete_glob_match_cannot_escape_through_symlink" time="0.016" /><testcase classname="tests.test_architecture_conformance" name="test_provider_error_surfaces_without_automatic_retry" time="0.476" /><testcase classname="tests.test_architecture_conformance" name="test_durable_await_handle_resumes_by_declared_outcome" time="2.388" /><testcase classname="tests.test_architecture_conformance" name="test_agent_payload_is_persisted_without_hidden_projection" time="0.524" /><testcase classname="tests.test_capability_contract" name="test_registry_dispatches_generic_file_capability_and_tracks_artifact" time="0.433" /><testcase classname="tests.test_capability_contract" name="test_column_declared_writable_paths_reject_cross_task_file_mutation" time="0.441" /><testcase classname="tests.test_capability_contract" name="test_registry_measures_text_with_deterministic_metrics" time="0.523" /><testcase classname="tests.test_capability_contract" name="test_registry_rejects_bad_arguments_and_path_escape" time="0.389" /><testcase classname="tests.test_capability_contract" name="test_command_capability_keeps_runtime_process_exit_semantics" time="1.042" /><testcase classname="tests.test_capability_contract" name="test_json_references_are_explicit_and_do_not_evaluate_templates" time="0.007" /><testcase classname="tests.test_capability_contract" name="test_workflow_publish_capability_rejects_initial_creation_without_loop" time="0.557" /><testcase classname="tests.test_capability_contract" name="test_loop_apply_capability_creates_initial_workflow" time="0.424" /><testcase classname="tests.test_capability_contract" name="test_mailbox_agent_cannot_apply_loop_or_expand_task_graph" time="0.367" /><testcase classname="tests.test_capability_contract" name="test_workflow_rejects_inline_control_character_sensitive_capability_strings" time="0.041" /><testcase classname="tests.test_capability_contract" name="test_workflow_requires_runtime_reference_for_exact_verification_strings" time="0.055" /><testcase classname="tests.test_capability_contract" name="test_file_verify_schema_explains_binary_business_routing" time="0.337" /><testcase classname="tests.test_capability_contract" name="test_command_schema_explains_exact_output_encoding" time="0.356" /><testcase classname="tests.test_capability_contract" name="test_workflow_publish_schema_exposes_live_capability_catalog" time="0.390" /><testcase classname="tests.test_capability_contract" name="test_workflow_plan_schema_uses_the_compact_governance_self_check" time="0.724" /><testcase classname="tests.test_capability_contract" name="test_project_column_catalog_exposes_only_delegable_contracts" time="0.379" /><testcase classname="tests.test_capability_contract" name="test_workflow_publish_rejects_conversation_control_capability_for_column" time="0.471" /><testcase classname="tests.test_capability_contract" name="test_workflow_publish_rejects_invalid_literal_capability_arguments" time="0.574" /><testcase classname="tests.test_capability_contract" name="test_workflow_publish_rejects_invalid_structure_around_runtime_reference" time="0.368" /><testcase classname="tests.test_capability_contract" name="test_workflow_publish_requires_registry_decision_outcome_provenance" time="0.681" /><testcase classname="tests.test_capability_contract" name="test_workflow_publish_rejects_outcome_pointer_not_proven_by_output_schema[system.noop-noop]" time="0.533" /><testcase classname="tests.test_capability_contract" name="test_workflow_publish_rejects_outcome_pointer_not_proven_by_output_schema[project.files.write-written]" time="0.540" /><testcase classname="tests.test_capability_contract" name="test_workflow_publish_canonicalizes_exact_tagged_and_rejects_forward_runtime_references" time="0.782" /><testcase classname="tests.test_capability_contract" name="test_task_binding_preflight_rejects_contradictory_or_wrong_typed_expectations" time="0.059" /><testcase classname="tests.test_capability_contract" name="test_task_binding_preflight_materializes_structured_exact_strings" time="0.052" /><testcase classname="tests.test_capability_contract" name="test_task_create_persists_the_plan_materialized_exact_string" time="0.511" /><testcase classname="tests.test_capability_contract" name="test_conversation_agent_control_tools_preserve_terminal_immutability_and_rerun" time="0.763" /><testcase classname="tests.test_capability_contract" name="test_conversation_diagnostics_do_not_repeat_persisted_runtime_context" time="0.735" /><testcase classname="tests.test_completion_protocol" name="test_custom_intermediate_outcome_requires_declared_evidence" time="0.011" /><testcase classname="tests.test_completion_protocol" name="test_declared_failure_outcome_can_carry_failed_evidence" time="0.008" /><testcase classname="tests.test_completion_protocol" name="test_unrelated_success_cannot_resolve_an_executed_failure" time="0.011" /><testcase classname="tests.test_completion_protocol" name="test_repeated_rejected_completion_stalls_without_execution_progress" time="0.009" /><testcase classname="tests.test_completion_protocol" name="test_runtime_evidence_collection_ignores_model_supplied_evidence_ids" time="0.017" /><testcase classname="tests.test_completion_protocol" name="test_completion_recovers_provider_misplaced_named_parameter_without_inventing_data" time="0.016" /><testcase classname="tests.test_completion_protocol" name="test_completion_does_not_recover_undeclared_misplaced_parameter" time="0.017" /><testcase classname="tests.test_completion_protocol" name="test_await_submission_is_fully_validated_server_side" time="0.020" /><testcase classname="tests.test_completion_protocol" name="test_agent_core_stops_repeated_rejected_completion_without_more_model_calls" time="0.582" /><testcase classname="tests.test_completion_protocol" name="test_agent_core_stops_repeated_invalid_await_without_more_model_calls" time="0.561" /><testcase classname="tests.test_conversation_contract" name="test_platform_policy_defines_concise_human_facing_replies" time="0.010" /><testcase classname="tests.test_conversation_contract" name="test_conversation_selects_loop_creates_workflow_and_finishes_with_plain_text" time="1.982" /><testcase classname="tests.test_conversation_contract" name="test_conversation_with_loop_workflow_can_revise_but_cannot_reapply_loop" time="1.152" /><testcase classname="tests.test_conversation_contract" name="test_start_task_false_keeps_stable_tools_but_rejects_mutation_execution" time="0.981" /><testcase classname="tests.test_conversation_contract" name="test_conversation_has_generic_system_file_authority_without_delegating_it_to_columns" time="1.066" /><testcase classname="tests.test_conversation_contract" name="test_runtime_notifications_are_not_replayed_as_conversation_history" time="0.797" /><testcase classname="tests.test_conversation_contract" name="test_action_enabled_conversation_can_finish_with_plain_text" time="0.871" /><testcase classname="tests.test_conversation_contract" name="test_conversation_prose_never_mutates_state_or_forces_a_capability" time="0.866" /><testcase classname="tests.test_conversation_contract" name="test_current_request_never_creates_a_kernel_execution_obligation" time="0.449" /><testcase classname="tests.test_conversation_contract" name="test_conversation_keeps_full_granted_tool_surface_after_a_receipt" time="0.585" /><testcase classname="tests.test_conversation_contract" name="test_conversation_rejects_an_identical_failed_tool_operation" time="0.612" /><testcase classname="tests.test_conversation_contract" name="test_conversation_allows_reinspection_after_successful_repair" time="0.944" /><testcase classname="tests.test_conversation_contract" name="test_repeated_failed_operation_is_reported_without_business_claims" time="1.023" /><testcase classname="tests.test_conversation_contract" name="test_user_turn_provider_failure_is_visible_in_conversation" time="0.783" /><testcase classname="tests.test_conversation_contract" name="test_conversation_system_prefix_is_stable_and_project_state_is_turn_input" time="0.617" /><testcase classname="tests.test_conversation_contract" name="test_same_project_jobs_remain_ordered_by_session_gateway" time="1.894" /><testcase classname="tests.test_conversation_contract" name="test_capability_validation_failure_is_returned_for_model_repair" time="0.679" /><testcase classname="tests.test_conversation_contract" name="test_unavailable_capability_is_returned_for_model_repair" time="0.597" /><testcase classname="tests.test_conversation_contract" name="test_missing_capability_entity_is_returned_for_model_repair" time="0.612" /><testcase classname="tests.test_conversation_contract" name="test_missing_project_file_is_returned_for_model_repair" time="0.380" /><testcase classname="tests.test_conversation_contract" name="test_current_request_is_authoritative_and_not_duplicated" time="0.809" /><testcase classname="tests.test_conversation_contract" name="test_terminal_mailbox_turn_reports_model_text_to_user" time="1.488" /><testcase classname="tests.test_conversation_contract" name="test_project_session_replays_human_dialogue_without_raw_tool_evidence" time="1.434" /><testcase classname="tests.test_conversation_contract" name="test_failed_turn_does_not_destroy_project_session" time="1.096" /><testcase classname="tests.test_conversation_contract" name="test_mailbox_usage_limit_failure_never_forms_an_automatic_llm_retry_loop" time="0.893" /><testcase classname="tests.test_domain_contract" name="test_runtime_status_catalog_is_the_single_public_status_definition" time="0.010" /><testcase classname="tests.test_domain_contract" name="test_task_state_machine_rejects_terminal_drift" time="0.012" /><testcase classname="tests.test_domain_contract" name="test_workflow_is_domain_agnostic_and_serializes_declarative_executor" time="0.014" /><testcase classname="tests.test_domain_contract" name="test_workflow_reserves_done_and_failed_as_terminal_sentinels" time="0.008" /><testcase classname="tests.test_domain_contract" name="test_sequence_needs_only_its_declared_completion_outcome" time="0.008" /><testcase classname="tests.test_domain_contract" name="test_workflow_accepts_business_self_transition_without_platform_visit_limit" time="0.013" /><testcase classname="tests.test_domain_contract" name="test_capability_sequence_output_contract_must_accept_runtime_envelope" time="0.013" /><testcase classname="tests.test_domain_contract" name="test_agent_executor_requires_explicit_non_empty_capability_allowlist" time="0.009" /><testcase classname="tests.test_domain_contract" name="test_task_plan_dependencies_are_an_acyclic_graph" time="0.012" /><testcase classname="tests.test_domain_contract" name="test_sequence_can_declare_business_outcomes_without_runtime_failure_policy" time="0.011" /><testcase classname="tests.test_domain_contract" name="test_sequence_outcome_source_defaults_are_provider_authorable" time="0.009" /><testcase classname="tests.test_domain_contract" name="test_exact_task_input_string_decodes_transport_safe_escapes" time="0.012" /><testcase classname="tests.test_domain_contract" name="test_column_input_contract_must_match_selected_runtime_envelope" time="0.010" /><testcase classname="tests.test_failure_transparency_contract" name="test_agent_execution_contract_has_no_platform_fuses" time="0.010" /><testcase classname="tests.test_failure_transparency_contract" name="test_terminal_failure_uses_declared_reason_instead_of_generic_message" time="0.010" /><testcase classname="tests.test_failure_transparency_contract" name="test_provider_failure_is_attempted_once_and_raised" time="0.502" /><testcase classname="tests.test_failure_transparency_contract" name="test_capability_contract_error_is_not_converted_to_tool_result" time="0.352" /><testcase classname="tests.test_failure_transparency_contract" name="test_runtime_failure_is_persisted_and_re_raised" time="1.337" /><testcase classname="tests.test_failure_transparency_contract" name="test_expired_lease_enters_explicit_recovery" time="0.554" /><testcase classname="tests.test_failure_transparency_contract" name="test_command_capability_has_no_runtime_timeout_argument" time="0.389" /><testcase classname="tests.test_files_contract" name="test_project_files_reject_escape_and_write_hash_tracked_atomic_content" time="0.038" /><testcase classname="tests.test_files_contract" name="test_context_file_reads_respect_character_budget" time="0.039" /><testcase classname="tests.test_files_contract" name="test_context_file_reads_skip_non_utf8_files_and_log_reason" time="0.038" /><testcase classname="tests.test_files_contract" name="test_project_files_verify_text_reports_exact_mismatch_and_match" time="0.045" /><testcase classname="tests.test_files_contract" name="test_project_files_verify_text_routes_missing_file_as_mismatch" time="0.011" /><testcase classname="tests.test_global_settings_contract" name="test_global_settings_default_disables_previous_task_auto_resume" time="0.019" /><testcase classname="tests.test_global_settings_contract" name="test_global_settings_reject_unknown_fields" time="0.020" /><testcase classname="tests.test_global_settings_contract" name="test_global_settings_save_round_trip_and_publish_edit_metadata" time="0.015" /><testcase classname="tests.test_global_settings_contract" name="test_restart_is_requested_only_for_changed_startup_setting" time="0.015" /><testcase classname="tests.test_global_settings_contract" name="test_startup_script_owns_settings_restart_loop" time="0.057" /><testcase classname="tests.test_global_settings_contract" name="test_startup_pause_preserves_workflow_and_requires_user_turn_to_resume" time="1.641" /><testcase classname="tests.test_global_settings_contract" name="test_enabled_startup_policy_leaves_task_eligible" time="0.649" /><testcase classname="tests.test_global_settings_contract" name="test_startup_hold_is_a_task_plan_gate_not_a_downstream_task_pause" time="0.849" /><testcase classname="tests.test_global_settings_contract" name="test_startup_releases_legacy_hold_from_dependency_queued_task" time="0.590" /><testcase classname="tests.test_logging_contract" name="test_daily_log_archive_has_one_human_readable_name" time="0.009" /><testcase classname="tests.test_logging_contract" name="test_logging_rejects_additional_business_log_names" time="0.011" /><testcase classname="tests.test_logging_contract" name="test_current_business_log_is_devwerk_log" time="0.025" /><testcase classname="tests.test_loop_contract" name="test_filesystem_loops_are_discoverable_and_novel_is_a_directed_graph" time="0.361" /><testcase classname="tests.test_loop_contract" name="test_workflow_column_rejects_nested_multi_agent_executor" time="0.012" /><testcase classname="tests.test_loop_contract" name="test_ddd_software_delivery_loop_has_generic_engineering_lifecycle" time="0.256" /><testcase classname="tests.test_loop_contract" name="test_preset_loop_definitions_are_not_stored_in_sqlite" time="0.257" /><testcase classname="tests.test_loop_contract" name="test_workflow_revision_requires_loop_provenance" time="0.385" /><testcase classname="tests.test_loop_contract" name="test_loop_application_creates_reusable_workflow_without_tasks" time="0.445" /><testcase classname="tests.test_loop_contract" name="test_novel_task_plan_requires_and_materializes_strict_chapter_dependencies" time="0.579" /><testcase classname="tests.test_loop_contract" name="test_linear_task_plan_extends_project_graph_without_recreating_predecessor" time="0.693" /><testcase classname="tests.test_loop_contract" name="test_novel_recap_activation_excludes_future_plans_and_unaccepted_files" time="0.857" /><testcase classname="tests.test_loop_contract" name="test_linear_task_plan_rejects_duplicate_project_work_item" time="0.613" /><testcase classname="tests.test_loop_contract" name="test_incremental_task_plan_continues_after_legacy_string_order_value" time="1.001" /><testcase classname="tests.test_loop_contract" name="test_novel_task_admission_rejects_chapter_beyond_project_binding" time="0.557" /><testcase classname="tests.test_loop_contract" name="test_loop_rejects_duplicate_project_and_task_parameter_ownership" time="0.311" /><testcase classname="tests.test_loop_contract" name="test_runtime_separates_project_loop_bindings_from_task_input" time="0.693" /><testcase classname="tests.test_loop_contract" name="test_loop_digest_includes_method_assets" time="0.116" /><testcase classname="tests.test_loop_contract" name="test_loop_application_canonicalizes_provider_numeric_strings" time="0.450" /><testcase classname="tests.test_loop_contract" name="test_failed_task_reopen_reuses_identity_and_returns_to_graph_entry" time="0.667" /><testcase classname="tests.test_loop_contract" name="test_writer_rework_reuses_one_logical_agent_session" time="0.811" /><testcase classname="tests.test_memory_workcell_contract" name="test_file_memory_is_project_local_searchable_and_supersedable" time="0.726" /><testcase classname="tests.test_memory_workcell_contract" name="test_memory_store_provider_is_replaceable_without_runtime_branching" time="0.541" /><testcase classname="tests.test_memory_workcell_contract" name="test_memory_context_initializes_a_pre_memory_project_workspace" time="0.539" /><testcase classname="tests.test_orchestration_policy_contract" name="test_workflow_and_task_use_separate_persisted_plans" time="0.757" /><testcase classname="tests.test_orchestration_policy_contract" name="test_dependency_releases_only_after_predecessor_done" time="1.995" /><testcase classname="tests.test_orchestration_policy_contract" name="test_failed_predecessor_requires_explicit_successor" time="1.818" /><testcase classname="tests.test_orchestration_policy_contract" name="test_task_plan_queue_is_admitted_when_dependencies_are_already_satisfied" time="0.984" /><testcase classname="tests.test_orchestration_policy_contract" name="test_task_plan_queue_auto_admits_after_dependency_completes" time="1.582" /><testcase classname="tests.test_orchestration_policy_contract" name="test_workflow_owned_queue_keeps_auto_admission_across_hold_and_release" time="1.721" /><testcase classname="tests.test_orchestration_policy_contract" name="test_starting_task_plan_materializes_complete_dependency_graph" time="1.247" /><testcase classname="tests.test_orchestration_policy_contract" name="test_task_plan_preflight_failure_materializes_zero_tasks" time="0.693" /><testcase classname="tests.test_orchestration_policy_contract" name="test_task_plan_insert_failure_rolls_back_complete_graph" time="0.716" /><testcase classname="tests.test_orchestration_policy_contract" name="test_poll_wait_resumes_without_deadline_or_timeout_route" time="1.007" /><testcase classname="tests.test_orchestration_policy_contract" name="test_recoverable_await_failure_atomically_enters_recovery" time="0.803" /><testcase classname="tests.test_orchestration_policy_contract" name="test_permanent_await_failure_atomically_reaches_failed" time="0.849" /><testcase classname="tests.test_orchestration_policy_contract" name="test_waiting_task_retry_is_rejected_without_orphaning_await" time="0.869" /><testcase classname="tests.test_orchestration_policy_contract" name="test_runtime_audit_records_policy_identity_without_execution_budget" time="1.021" /><testcase classname="tests.test_orchestration_policy_contract" name="test_mailbox_acknowledgement_is_audited" time="0.412" /><testcase classname="tests.test_orchestration_policy_contract" name="test_mailbox_observation_does_not_invalidate_running_task_state" time="0.641" /><testcase classname="tests.test_orchestration_policy_contract" name="test_platform_policy_is_compact_project_manager_identity" time="0.269" /><testcase classname="tests.test_p0_assignment_regressions" name="test_new_identical_operation_after_await_executes_again" time="3.533" /><testcase classname="tests.test_p0_assignment_regressions" name="test_committed_effect_replays_after_missing_answer_without_reexecution[answer_operation]" time="2.469" /><testcase classname="tests.test_p0_assignment_regressions" name="test_committed_effect_replays_after_missing_answer_without_reexecution[record_tool_invocation]" time="2.375" /><testcase classname="tests.test_p0_assignment_regressions" name="test_accepted_wait_survives_crash_before_handle_creation" time="2.239" /><testcase classname="tests.test_p0_assignment_regressions" name="test_unsettled_runtime_acceptance_effect_is_not_reexecuted" time="3.447" /><testcase classname="tests.test_p0_assignment_regressions" name="test_await_budget_is_cumulative_for_assignment" time="1.525" /><testcase classname="tests.test_p0_assignment_regressions" name="test_settled_async_receipt_replaces_awaiting_invocation_in_ledger" time="1.904" /><testcase classname="tests.test_p0_assignment_regressions" name="test_frozen_acceptance_allows_corrected_command_after_exploration_failure" time="3.135" /><testcase classname="tests.test_p0_assignment_regressions" name="test_noop_cannot_satisfy_frozen_delivery_check" time="2.141" /><testcase classname="tests.test_p0_assignment_regressions" name="test_control_failure_rolls_back_partial_business_write" time="0.331" /><testcase classname="tests.test_p0_assignment_regressions" name="test_durable_queue_recovers_failed_claim_without_restart" time="1.779" /><testcase classname="tests.test_p0_assignment_regressions" name="test_main_uses_worker_completion_to_create_scoped_repair_task" time="4.536" /><testcase classname="tests.test_p0_assignment_regressions" name="test_worker_message_is_not_delivered_to_main" time="2.334" /><testcase classname="tests.test_p0_assignment_regressions" name="test_retired_worker_and_closed_requirement_do_not_revive" time="1.588" /><testcase classname="tests.test_p0_assignment_regressions" name="test_completion_recovery_rechecks_workspace_after_interrupted_task_commit" time="3.539" /><testcase classname="tests.test_p0_assignment_regressions" name="test_unknown_effect_blocks_new_task_and_main_direct_write" time="0.822" /><testcase classname="tests.test_p0_assignment_regressions" name="test_repeated_await_without_progress_stops_before_model_budget" time="3.173" /><testcase classname="tests.test_p0_runtime_regressions" name="test_runtime_completion_accepts_preloaded_context_and_ignores_model_ids" time="0.041" /><testcase classname="tests.test_p0_runtime_regressions" name="test_fake_progress_cannot_reset_completion_rejection_ceiling" time="0.017" /><testcase classname="tests.test_p0_runtime_regressions" name="test_stale_generation_cannot_write" time="0.568" /><testcase classname="tests.test_p0_runtime_regressions" name="test_pause_does_not_invalidate_current_column_finish" time="0.693" /><testcase classname="tests.test_p0_runtime_regressions" name="test_protocol_failure_is_runtime_blocked_without_business_terminal" time="1.176" /><testcase classname="tests.test_p0_runtime_regressions" name="test_provider_connection_recovery_is_bounded" time="1.638" /><testcase classname="tests.test_p0_runtime_regressions" name="test_agent_wall_clock_exits_even_when_provider_hangs" time="0.661" /><testcase classname="tests.test_p0_runtime_regressions" name="test_command_timeout_and_output_are_bounded" time="0.500" /><testcase classname="tests.test_p0_runtime_regressions" name="test_agent_cannot_redefine_command_success" time="0.855" /><testcase classname="tests.test_p0_runtime_regressions" name="test_completed_effect_replays_and_unknown_effect_blocks" time="0.607" /><testcase classname="tests.test_p0_runtime_regressions" name="test_artifact_versions_preserve_old_bytes" time="0.709" /><testcase classname="tests.test_p0_runtime_regressions" name="test_failed_direct_dependency_resolves_successor" time="1.154" /><testcase classname="tests.test_p0_runtime_regressions" name="test_loop_apply_rolls_back_when_binding_event_fails" time="0.440" /><testcase classname="tests.test_p0_runtime_regressions" name="test_loop_assets_survive_catalog_removal" time="0.543" /><testcase classname="tests.test_p0_runtime_regressions" name="test_completion_rejection_identifies_exact_repair_operation" time="0.043" /><testcase classname="tests.test_p0_runtime_regressions" name="test_await_claim_is_exclusive_and_waiting_keeps_resource" time="1.247" /><testcase classname="tests.test_p0_runtime_regressions" name="test_conversation_lease_and_workflow_claim_do_not_overlap" time="1.089" /><testcase classname="tests.test_p0_runtime_regressions" name="test_mailbox_can_reopen_but_discussion_cannot" time="2.184" /><testcase classname="tests.test_p0_runtime_regressions" name="test_supervisor_survives_one_failed_tick" time="0.589" /><testcase classname="tests.test_p0_runtime_regressions" name="test_lease_keeper_exception_revokes_old_worker" time="1.048" /><testcase classname="tests.test_p0_runtime_regressions" name="test_expired_conversation_job_settles_once" time="1.242" /><testcase classname="tests.test_p0_runtime_regressions" name="test_read_connection_closes_without_closing_borrowed_transaction" time="0.474" /><testcase classname="tests.test_p0_runtime_regressions" name="test_provider_retry_reuses_real_command_effect_and_restores_ledger" time="3.322" /><testcase classname="tests.test_p0_runtime_regressions" name="test_workflow_cycle_stops_at_visit_budget" time="2.039" /><testcase classname="tests.test_p0_runtime_regressions" name="test_command_timeout_kills_descendant_after_parent_exit" time="2.294" /><testcase classname="tests.test_p0_runtime_regressions" name="test_wait_runtime_failure_preserves_handle_and_is_bounded" time="1.964" /><testcase classname="tests.test_p0_runtime_regressions" name="test_startup_pause_preserves_durable_wait" time="1.630" /><testcase classname="tests.test_p0_runtime_regressions" name="test_repeated_worker_loss_is_bounded" time="1.327" /><testcase classname="tests.test_p0_runtime_regressions" name="test_invalid_successor_lineage_does_not_stop_other_tasks" time="1.649" /><testcase classname="tests.test_p0_runtime_regressions" name="test_bad_loop_metadata_is_isolated" time="0.061" /><testcase classname="tests.test_p0_runtime_regressions" name="test_structured_poll_error_does_not_assert_external_failure" time="1.365" /><testcase classname="tests.test_p0_runtime_regressions" name="test_three_generation_successor_is_used_for_schedule_context_and_artifacts[False]" time="1.664" /><testcase classname="tests.test_p0_runtime_regressions" name="test_three_generation_successor_is_used_for_schedule_context_and_artifacts[True]" time="1.233" /><testcase classname="tests.test_p0_runtime_regressions" name="test_legacy_successful_command_receipt_is_reused_after_normalization" time="0.539" /><testcase classname="tests.test_p0_runtime_regressions" name="test_unknown_command_receipt_never_starts_process" time="0.552" /><testcase classname="tests.test_p0_runtime_regressions" name="test_effect_with_invalid_result_stays_unknown" time="0.578" /><testcase classname="tests.test_persistent_agents" name="test_worker_idle_then_new_assignment_preserves_identity_and_context" time="0.845" /><testcase classname="tests.test_persistent_agents" name="test_one_worker_has_only_one_active_assignment" time="0.658" /><testcase classname="tests.test_persistent_agents" name="test_durable_worker_message_is_not_claimed_as_consumed_on_send" time="0.677" /><testcase classname="tests.test_persistent_agents" name="test_late_assignment_input_settles_without_fabricating_consumption[completed]" time="0.684" /><testcase classname="tests.test_persistent_agents" name="test_late_assignment_input_settles_without_fabricating_consumption[failed]" time="0.690" /><testcase classname="tests.test_persistent_agents" name="test_late_assignment_input_settles_without_fabricating_consumption[cancelled]" time="0.727" /><testcase classname="tests.test_persistent_agents" name="test_retirement_settles_unconsumed_worker_input[False]" time="0.691" /><testcase classname="tests.test_persistent_agents" name="test_retirement_settles_unconsumed_worker_input[True]" time="0.760" /><testcase classname="tests.test_provider_contract" name="test_contract_error_explains_nested_discriminator_branch_failure" time="0.017" /><testcase classname="tests.test_provider_contract" name="test_openai_adapter_returns_canonical_native_tool_call" time="0.014" /><testcase classname="tests.test_provider_contract" name="test_openai_adapter_can_force_one_selected_tool" time="0.015" /><testcase classname="tests.test_provider_contract" name="test_provider_request_uses_transport_timeout_and_reports_timeout_error" time="0.011" /><testcase classname="tests.test_provider_contract" name="test_anthropic_adapter_translates_tool_calls_and_results_without_prompt_protocol" time="0.009" /><testcase classname="tests.test_provider_contract" name="test_anthropic_transport_retries_connection_establishment_only" time="0.011" /><testcase classname="tests.test_provider_contract" name="test_anthropic_adapter_canonicalizes_schema_shaped_array_and_boolean_wrappers" time="0.011" /><testcase classname="tests.test_provider_contract" name="test_anthropic_adapter_can_require_a_native_tool_call" time="0.010" /><testcase classname="tests.test_provider_contract" name="test_anthropic_adapter_can_force_one_selected_tool" time="0.014" /><testcase classname="tests.test_provider_contract" name="test_anthropic_adapter_materializes_provider_schema_and_scalar_wrappers" time="0.014" /><testcase classname="tests.test_provider_contract" name="test_anthropic_adapter_round_trips_the_second_discriminated_object_variant" time="0.017" /><testcase classname="tests.test_provider_contract" name="test_workflow_publish_canonicalizes_dynamic_nested_capability_arguments" time="0.041" /><testcase classname="tests.test_provider_contract" name="test_real_workflow_publish_provider_schema_keeps_executor_fields_visible" time="0.355" /><testcase classname="tests.test_provider_contract" name="test_real_task_plan_provider_schema_exposes_flat_exact_string_transport" time="0.414" /><testcase classname="tests.test_provider_contract" name="test_real_task_plan_provider_schema_requires_task_agent_execution_policy" time="0.440" /><testcase classname="tests.test_provider_contract" name="test_provider_reference_wrapper_is_normalized_only_as_an_exact_reserved_value" time="0.012" /><testcase classname="tests.test_provider_contract" name="test_settings_resolve_explicit_json_routing" time="0.016" /><testcase classname="tests.test_provider_contract" name="test_settings_reject_legacy_or_unknown_llm_fields" time="0.015" /><testcase classname="tests.test_provider_contract" name="test_usage_wrapper_tracks_complete_and_logs_full_io" time="0.015" /><testcase classname="tests.test_provider_contract" name="test_provider_errors_preserve_provider_details_without_retry_policy" time="0.013" /><testcase classname="tests.test_provider_contract" name="test_non_json_provider_503_is_still_a_structured_provider_error" time="0.011" /><testcase classname="tests.test_provider_contract" name="test_minimax_usage_limit_embedded_in_message_is_not_classified_as_rate_limit" time="0.012" /><testcase classname="tests.test_release_assets_contract" name="test_release_launchers_are_checked_in_assets" time="0.144" /><testcase classname="tests.test_release_assets_contract" name="test_startup_launchers_bound_graceful_shutdown" time="0.037" /><testcase classname="tests.test_release_assets_contract" name="test_release_packagers_copy_launchers_without_generating_them" time="0.073" /><testcase classname="tests.test_release_assets_contract" name="test_docker_builds_only_from_the_application_directory" time="0.074" /><testcase classname="tests.test_runtime_contract" name="test_capability_sequence_reaches_done_without_calling_llm" time="1.063" /><testcase classname="tests.test_runtime_contract" name="test_runtime_artifact_context_is_bounded_and_deduplicated_across_globs" time="0.757" /><testcase classname="tests.test_runtime_contract" name="test_runtime_separates_accepted_working_and_reference_artifact_provenance" time="1.284" /><testcase classname="tests.test_runtime_contract" name="test_each_completed_column_makes_the_next_column_runnable" time="1.004" /><testcase classname="tests.test_runtime_contract" name="test_provider_timeout_recovers_same_task_and_column" time="2.131" /><testcase classname="tests.test_runtime_contract" name="test_token_limit_blocks_runtime_without_business_terminal" time="0.991" /><testcase classname="tests.test_runtime_contract" name="test_task_admission_rejects_missing_dynamic_reference_before_runtime" time="0.464" /><testcase classname="tests.test_runtime_contract" name="test_terminal_guard_enforces_immutable_task_agent_execution_policy" time="0.542" /><testcase classname="tests.test_runtime_contract" name="test_capability_sequence_routes_file_assertion_mismatch_from_evidence" time="0.875" /><testcase classname="tests.test_runtime_contract" name="test_task_owned_exact_text_survives_reference_write_and_verification" time="0.887" /><testcase classname="tests.test_runtime_contract" name="test_persistent_column_worker_uses_same_tool_loop_and_declared_contract" time="1.525" /><testcase classname="tests.test_runtime_contract" name="test_unknown_capability_is_rejected_before_execution" time="0.347" /><testcase classname="tests.test_runtime_contract" name="test_capability_sequence_cannot_reach_done_after_failed_command" time="1.092" /><testcase classname="tests.test_runtime_contract" name="test_agent_column_cannot_claim_success_from_failed_capability_evidence" time="2.029" /><testcase classname="tests.test_runtime_contract" name="test_agent_can_abandon_rejected_write_and_complete_with_valid_evidence" time="1.798" /><testcase classname="tests.test_runtime_contract" name="test_different_successful_operation_does_not_recover_failed_column_action" time="3.087" /><testcase classname="tests.test_runtime_contract" name="test_agent_repairs_non_final_column_complete_before_later_actions_can_run" time="1.796" /><testcase classname="tests.test_runtime_contract" name="test_agent_repairs_multiple_column_complete_calls_without_accepting_either" time="0.790" /><testcase classname="tests.test_runtime_contract" name="test_agent_repairs_column_complete_combined_with_await" time="0.701" /><testcase classname="tests.test_runtime_contract" name="test_agent_can_repair_invalid_column_complete_arguments" time="0.724" /><testcase classname="tests.test_runtime_contract" name="test_logical_agent_session_replays_only_latest_structured_checkpoint" time="1.140" /><testcase classname="tests.test_runtime_contract" name="test_expired_task_lease_interrupts_old_attempt_and_becomes_runnable" time="0.700" /><testcase classname="tests.test_runtime_contract" name="test_run_output_does_not_recursively_embed_task_context" time="0.798" /><testcase classname="tests.test_scope_extension" name="test_scope_extension_closed_six_to_twelve_same_conversation_and_frozen_history" time="1.435" /><testcase classname="tests.test_scope_extension" name="test_scope_revision_atomic_rollback_and_compare_and_swap" time="0.866" /><testcase classname="tests.test_scope_extension" name="test_old_assignment_finishes_with_old_contract_after_scope_revision" time="1.028" /><testcase classname="tests.test_scope_extension" name="test_late_event_cannot_select_or_revise_new_scope" time="0.815" /><testcase classname="tests.test_scope_extension" name="test_retired_worker_successor_keeps_old_history_and_new_private_context" time="1.263" /><testcase classname="tests.test_scope_extension" name="test_gateway_never_publishes_unverified_execution_reply[Chapters 7\u201312 are queued and chapter 7 is running.]" time="1.089" /><testcase classname="tests.test_scope_extension" name="test_gateway_never_publishes_unverified_execution_reply[{&quot;mode&quot;:&quot;work_result&quot;,&quot;task_ids&quot;:[&quot;tsk_invented&quot;]}]" time="1.412" /><testcase classname="tests.test_scope_extension" name="test_gateway_never_publishes_unverified_execution_reply[{&quot;mode&quot;:&quot;work_result&quot;,&quot;tool_call_ids&quot;:[&quot;invented-create&quot;]}]" time="1.325" /><testcase classname="tests.test_scope_extension" name="test_report_uses_actual_pending_state_not_model_claim" time="1.102" /><testcase classname="tests.test_scope_extension" name="test_continue_policy_and_frozen_loop_assets_survive_catalog_change" time="0.948" /><testcase classname="tests.test_scope_extension" name="test_scope_revision_preserves_custom_method_and_rejects_conflicting_upgrade" time="0.425" /><testcase classname="tests.test_scope_extension" name="test_gateway_continues_cancelled_requirement_and_reports_six_created_tasks" time="2.743" /><testcase classname="tests.test_store_contract" name="test_project_has_one_persistent_agent_and_versioned_instruction" time="0.402" /><testcase classname="tests.test_store_contract" name="test_conversation_messages_page_by_stable_message_id" time="0.393" /><testcase classname="tests.test_store_contract" name="test_visible_conversation_pagination_ignores_internal_system_rows" time="3.955" /><testcase classname="tests.test_store_contract" name="test_conversation_session_projects_human_dialogue_without_internal_notifications" time="0.437" /><testcase classname="tests.test_store_contract" name="test_kanban_projection_uses_task_plan_order_not_materialization_time" time="0.608" /><testcase classname="tests.test_store_contract" name="test_failed_conversation_job_changes_status_without_creating_assistant_speech" time="0.477" /><testcase classname="tests.test_store_contract" name="test_failed_conversation_job_finishes_delivery_without_automatic_redelivery" time="0.454" /><testcase classname="tests.test_store_contract" name="test_failed_mailbox_requires_explicit_redelivery_and_keeps_attempt_history" time="0.511" /><testcase classname="tests.test_store_contract" name="test_protocol_failed_conversation_quarantines_trigger_without_blocking_later_mailbox" time="0.462" /><testcase classname="tests.test_store_contract" name="test_startup_fails_received_mailbox_without_automatic_redelivery" time="0.436" /><testcase classname="tests.test_store_contract" name="test_failed_scheduled_review_is_not_automatically_redelivered" time="0.472" /><testcase classname="tests.test_store_contract" name="test_task_creation_materializes_plan_owned_readiness_fields" time="0.527" /><testcase classname="tests.test_store_contract" name="test_concurrent_initial_task_creation_materializes_once" time="0.553" /><testcase classname="tests.test_store_contract" name="test_task_plan_save_enforces_task_agent_execution_policy" time="0.689" /><testcase classname="tests.test_store_contract" name="test_task_plan_save_canonicalizes_provider_primitive_strings" time="0.527" /><testcase classname="tests.test_store_contract" name="test_task_plan_must_bind_every_exact_string_to_fixed_workflow_revision" time="0.646" /><testcase classname="tests.test_store_contract" name="test_successful_task_successor_resolves_failed_lineage_without_erasing_history" time="1.145" /><testcase classname="tests.test_store_contract" name="test_project_base_dir_is_canonical_unique_and_isolated" time="0.449" /><testcase classname="tests.test_store_contract" name="test_workflow_revisions_are_immutable_and_tasks_remain_pinned" time="0.609" /><testcase classname="tests.test_store_contract" name="test_workflow_plan_rejects_concrete_task_inventory" time="0.011" /><testcase classname="tests.test_store_contract" name="test_agent_run_messages_and_tool_invocations_are_auditable" time="0.503" /><testcase classname="tests.test_store_contract" name="test_conversation_agent_text_is_projected_as_incremental_progress" time="0.431" /><testcase classname="tests.test_store_contract" name="test_sqlite_has_wal_and_runtime_read_indexes" time="0.285" /><testcase classname="tests.test_store_contract" name="test_large_tool_result_is_persisted_and_returned_in_full" time="0.392" /><testcase classname="tests.test_store_contract" name="test_running_task_cannot_be_failed_while_column_attempt_is_active" time="0.544" /><testcase classname="tests.test_store_contract" name="test_begin_run_refreshes_kanban_projection_to_running" time="0.554" /><testcase classname="tests.test_store_decomposition_contract" name="test_store_facade_composes_explicit_repositories_and_services" time="0.244" /><testcase classname="tests.test_store_decomposition_contract" name="test_store_facade_delegates_scheduler_without_duplicate_policy" time="0.252" /><testcase classname="tests.test_store_decomposition_contract" name="test_extracted_modules_do_not_import_the_store_facade" time="0.111" /></testsuite></testsuites>